2021-02-24 07:03:19 [HikariPool-1 housekeeper] WARN  HikariPool:787 - HikariPool-1 - Thread starvation or clock leap detected (housekeeper delta=8h52m13s86ms).
2021-02-24 07:03:20 [HikariPool-1 housekeeper] DEBUG HikariPool:421 - HikariPool-1 - Before cleanup stats (total=50, active=0, idle=50, waiting=0)
2021-02-24 07:03:20 [HikariPool-1 housekeeper] DEBUG HikariPool:421 - HikariPool-1 - After cleanup  stats (total=50, active=0, idle=50, waiting=0)
2021-02-24 07:03:20 [HikariPool-1 housekeeper] DEBUG HikariPool:517 - HikariPool-1 - Fill pool skipped, pool is at sufficient level.
2021-02-24 07:03:50 [HikariPool-1 housekeeper] DEBUG HikariPool:421 - HikariPool-1 - Before cleanup stats (total=50, active=0, idle=50, waiting=0)
2021-02-24 07:03:50 [HikariPool-1 housekeeper] DEBUG HikariPool:421 - HikariPool-1 - After cleanup  stats (total=50, active=0, idle=50, waiting=0)
2021-02-24 07:03:50 [HikariPool-1 housekeeper] DEBUG HikariPool:517 - HikariPool-1 - Fill pool skipped, pool is at sufficient level.
2021-02-24 07:04:20 [HikariPool-1 housekeeper] DEBUG HikariPool:421 - HikariPool-1 - Before cleanup stats (total=50, active=0, idle=50, waiting=0)
2021-02-24 07:04:20 [HikariPool-1 housekeeper] DEBUG HikariPool:421 - HikariPool-1 - After cleanup  stats (total=50, active=0, idle=50, waiting=0)
2021-02-24 07:04:20 [HikariPool-1 housekeeper] DEBUG HikariPool:517 - HikariPool-1 - Fill pool skipped, pool is at sufficient level.
2021-02-24 07:04:50 [HikariPool-1 housekeeper] DEBUG HikariPool:421 - HikariPool-1 - Before cleanup stats (total=50, active=0, idle=50, waiting=0)
2021-02-24 07:04:50 [HikariPool-1 housekeeper] DEBUG HikariPool:421 - HikariPool-1 - After cleanup  stats (total=50, active=0, idle=50, waiting=0)
2021-02-24 07:04:50 [HikariPool-1 housekeeper] DEBUG HikariPool:517 - HikariPool-1 - Fill pool skipped, pool is at sufficient level.
2021-02-24 07:05:20 [HikariPool-1 housekeeper] DEBUG HikariPool:421 - HikariPool-1 - Before cleanup stats (total=50, active=0, idle=50, waiting=0)
2021-02-24 07:05:20 [HikariPool-1 housekeeper] DEBUG HikariPool:421 - HikariPool-1 - After cleanup  stats (total=50, active=0, idle=50, waiting=0)
2021-02-24 07:05:20 [HikariPool-1 housekeeper] DEBUG HikariPool:517 - HikariPool-1 - Fill pool skipped, pool is at sufficient level.
2021-02-24 07:05:50 [HikariPool-1 housekeeper] DEBUG HikariPool:421 - HikariPool-1 - Before cleanup stats (total=50, active=0, idle=50, waiting=0)
2021-02-24 07:05:50 [HikariPool-1 housekeeper] DEBUG HikariPool:421 - HikariPool-1 - After cleanup  stats (total=50, active=0, idle=50, waiting=0)
2021-02-24 07:05:50 [HikariPool-1 housekeeper] DEBUG HikariPool:517 - HikariPool-1 - Fill pool skipped, pool is at sufficient level.
2021-02-24 07:06:20 [HikariPool-1 housekeeper] DEBUG HikariPool:421 - HikariPool-1 - Before cleanup stats (total=50, active=0, idle=50, waiting=0)
2021-02-24 07:06:20 [HikariPool-1 housekeeper] DEBUG HikariPool:421 - HikariPool-1 - After cleanup  stats (total=50, active=0, idle=50, waiting=0)
2021-02-24 07:06:20 [HikariPool-1 housekeeper] DEBUG HikariPool:517 - HikariPool-1 - Fill pool skipped, pool is at sufficient level.
2021-02-24 07:06:50 [HikariPool-1 housekeeper] DEBUG HikariPool:421 - HikariPool-1 - Before cleanup stats (total=50, active=0, idle=50, waiting=0)
2021-02-24 07:06:50 [HikariPool-1 housekeeper] DEBUG HikariPool:421 - HikariPool-1 - After cleanup  stats (total=50, active=0, idle=50, waiting=0)
2021-02-24 07:06:50 [HikariPool-1 housekeeper] DEBUG HikariPool:517 - HikariPool-1 - Fill pool skipped, pool is at sufficient level.
2021-02-24 07:07:20 [HikariPool-1 housekeeper] DEBUG HikariPool:421 - HikariPool-1 - Before cleanup stats (total=50, active=0, idle=50, waiting=0)
2021-02-24 07:07:20 [HikariPool-1 housekeeper] DEBUG HikariPool:421 - HikariPool-1 - After cleanup  stats (total=50, active=0, idle=50, waiting=0)
2021-02-24 07:07:20 [HikariPool-1 housekeeper] DEBUG HikariPool:517 - HikariPool-1 - Fill pool skipped, pool is at sufficient level.
2021-02-24 07:07:50 [HikariPool-1 housekeeper] DEBUG HikariPool:421 - HikariPool-1 - Before cleanup stats (total=50, active=0, idle=50, waiting=0)
2021-02-24 07:07:50 [HikariPool-1 housekeeper] DEBUG HikariPool:421 - HikariPool-1 - After cleanup  stats (total=50, active=0, idle=50, waiting=0)
2021-02-24 07:07:50 [HikariPool-1 housekeeper] DEBUG HikariPool:517 - HikariPool-1 - Fill pool skipped, pool is at sufficient level.
2021-02-24 07:08:20 [HikariPool-1 housekeeper] DEBUG HikariPool:421 - HikariPool-1 - Before cleanup stats (total=50, active=0, idle=50, waiting=0)
2021-02-24 07:08:20 [HikariPool-1 housekeeper] DEBUG HikariPool:421 - HikariPool-1 - After cleanup  stats (total=50, active=0, idle=50, waiting=0)
2021-02-24 07:08:20 [HikariPool-1 housekeeper] DEBUG HikariPool:517 - HikariPool-1 - Fill pool skipped, pool is at sufficient level.
2021-02-24 07:08:50 [HikariPool-1 housekeeper] DEBUG HikariPool:421 - HikariPool-1 - Before cleanup stats (total=50, active=0, idle=50, waiting=0)
2021-02-24 07:08:50 [HikariPool-1 housekeeper] DEBUG HikariPool:421 - HikariPool-1 - After cleanup  stats (total=50, active=0, idle=50, waiting=0)
2021-02-24 07:08:50 [HikariPool-1 housekeeper] DEBUG HikariPool:517 - HikariPool-1 - Fill pool skipped, pool is at sufficient level.
2021-02-24 07:09:20 [HikariPool-1 housekeeper] DEBUG HikariPool:421 - HikariPool-1 - Before cleanup stats (total=50, active=0, idle=50, waiting=0)
2021-02-24 07:09:20 [HikariPool-1 housekeeper] DEBUG HikariPool:421 - HikariPool-1 - After cleanup  stats (total=50, active=0, idle=50, waiting=0)
2021-02-24 07:09:20 [HikariPool-1 housekeeper] DEBUG HikariPool:517 - HikariPool-1 - Fill pool skipped, pool is at sufficient level.
2021-02-24 07:09:50 [HikariPool-1 housekeeper] DEBUG HikariPool:421 - HikariPool-1 - Before cleanup stats (total=50, active=0, idle=50, waiting=0)
2021-02-24 07:09:50 [HikariPool-1 housekeeper] DEBUG HikariPool:421 - HikariPool-1 - After cleanup  stats (total=50, active=0, idle=50, waiting=0)
2021-02-24 07:09:50 [HikariPool-1 housekeeper] DEBUG HikariPool:517 - HikariPool-1 - Fill pool skipped, pool is at sufficient level.
2021-02-24 07:10:20 [HikariPool-1 housekeeper] DEBUG HikariPool:421 - HikariPool-1 - Before cleanup stats (total=50, active=0, idle=50, waiting=0)
2021-02-24 07:10:20 [HikariPool-1 housekeeper] DEBUG HikariPool:421 - HikariPool-1 - After cleanup  stats (total=50, active=0, idle=50, waiting=0)
2021-02-24 07:10:20 [HikariPool-1 housekeeper] DEBUG HikariPool:517 - HikariPool-1 - Fill pool skipped, pool is at sufficient level.
2021-02-24 07:10:50 [HikariPool-1 housekeeper] DEBUG HikariPool:421 - HikariPool-1 - Before cleanup stats (total=50, active=0, idle=50, waiting=0)
2021-02-24 07:10:50 [HikariPool-1 housekeeper] DEBUG HikariPool:421 - HikariPool-1 - After cleanup  stats (total=50, active=0, idle=50, waiting=0)
2021-02-24 07:10:50 [HikariPool-1 housekeeper] DEBUG HikariPool:517 - HikariPool-1 - Fill pool skipped, pool is at sufficient level.
2021-02-24 07:11:21 [HikariPool-1 housekeeper] DEBUG HikariPool:421 - HikariPool-1 - Before cleanup stats (total=50, active=0, idle=50, waiting=0)
2021-02-24 07:11:21 [HikariPool-1 housekeeper] DEBUG HikariPool:421 - HikariPool-1 - After cleanup  stats (total=50, active=0, idle=50, waiting=0)
2021-02-24 07:11:21 [HikariPool-1 housekeeper] DEBUG HikariPool:517 - HikariPool-1 - Fill pool skipped, pool is at sufficient level.
2021-02-24 07:36:15 [HikariPool-1 housekeeper] WARN  HikariPool:787 - HikariPool-1 - Thread starvation or clock leap detected (housekeeper delta=24m54s781ms).
2021-02-24 07:36:15 [HikariPool-1 housekeeper] DEBUG HikariPool:421 - HikariPool-1 - Before cleanup stats (total=50, active=0, idle=50, waiting=0)
2021-02-24 07:36:15 [HikariPool-1 housekeeper] DEBUG HikariPool:421 - HikariPool-1 - After cleanup  stats (total=50, active=0, idle=50, waiting=0)
2021-02-24 07:36:15 [HikariPool-1 housekeeper] DEBUG HikariPool:517 - HikariPool-1 - Fill pool skipped, pool is at sufficient level.
2021-02-24 07:36:45 [HikariPool-1 housekeeper] DEBUG HikariPool:421 - HikariPool-1 - Before cleanup stats (total=50, active=0, idle=50, waiting=0)
2021-02-24 07:36:45 [HikariPool-1 housekeeper] DEBUG HikariPool:421 - HikariPool-1 - After cleanup  stats (total=50, active=0, idle=50, waiting=0)
2021-02-24 07:36:45 [HikariPool-1 housekeeper] DEBUG HikariPool:517 - HikariPool-1 - Fill pool skipped, pool is at sufficient level.
2021-02-24 07:37:15 [HikariPool-1 housekeeper] DEBUG HikariPool:421 - HikariPool-1 - Before cleanup stats (total=50, active=0, idle=50, waiting=0)
2021-02-24 07:37:15 [HikariPool-1 housekeeper] DEBUG HikariPool:421 - HikariPool-1 - After cleanup  stats (total=50, active=0, idle=50, waiting=0)
2021-02-24 07:37:15 [HikariPool-1 housekeeper] DEBUG HikariPool:517 - HikariPool-1 - Fill pool skipped, pool is at sufficient level.
2021-02-24 07:37:45 [HikariPool-1 housekeeper] DEBUG HikariPool:421 - HikariPool-1 - Before cleanup stats (total=50, active=0, idle=50, waiting=0)
2021-02-24 07:37:45 [HikariPool-1 housekeeper] DEBUG HikariPool:421 - HikariPool-1 - After cleanup  stats (total=50, active=0, idle=50, waiting=0)
2021-02-24 07:37:45 [HikariPool-1 housekeeper] DEBUG HikariPool:517 - HikariPool-1 - Fill pool skipped, pool is at sufficient level.
2021-02-24 07:38:15 [HikariPool-1 housekeeper] DEBUG HikariPool:421 - HikariPool-1 - Before cleanup stats (total=50, active=0, idle=50, waiting=0)
2021-02-24 07:38:15 [HikariPool-1 housekeeper] DEBUG HikariPool:421 - HikariPool-1 - After cleanup  stats (total=50, active=0, idle=50, waiting=0)
2021-02-24 07:38:15 [HikariPool-1 housekeeper] DEBUG HikariPool:517 - HikariPool-1 - Fill pool skipped, pool is at sufficient level.
2021-02-24 07:38:45 [HikariPool-1 housekeeper] DEBUG HikariPool:421 - HikariPool-1 - Before cleanup stats (total=50, active=0, idle=50, waiting=0)
2021-02-24 07:38:45 [HikariPool-1 housekeeper] DEBUG HikariPool:421 - HikariPool-1 - After cleanup  stats (total=50, active=0, idle=50, waiting=0)
2021-02-24 07:38:45 [HikariPool-1 housekeeper] DEBUG HikariPool:517 - HikariPool-1 - Fill pool skipped, pool is at sufficient level.
2021-02-24 07:39:15 [HikariPool-1 housekeeper] DEBUG HikariPool:421 - HikariPool-1 - Before cleanup stats (total=50, active=0, idle=50, waiting=0)
2021-02-24 07:39:15 [HikariPool-1 housekeeper] DEBUG HikariPool:421 - HikariPool-1 - After cleanup  stats (total=50, active=0, idle=50, waiting=0)
2021-02-24 07:39:15 [HikariPool-1 housekeeper] DEBUG HikariPool:517 - HikariPool-1 - Fill pool skipped, pool is at sufficient level.
2021-02-24 07:39:45 [HikariPool-1 housekeeper] DEBUG HikariPool:421 - HikariPool-1 - Before cleanup stats (total=50, active=0, idle=50, waiting=0)
2021-02-24 07:39:45 [HikariPool-1 housekeeper] DEBUG HikariPool:421 - HikariPool-1 - After cleanup  stats (total=50, active=0, idle=50, waiting=0)
2021-02-24 07:39:45 [HikariPool-1 housekeeper] DEBUG HikariPool:517 - HikariPool-1 - Fill pool skipped, pool is at sufficient level.
2021-02-24 07:40:15 [HikariPool-1 housekeeper] DEBUG HikariPool:421 - HikariPool-1 - Before cleanup stats (total=50, active=0, idle=50, waiting=0)
2021-02-24 07:40:15 [HikariPool-1 housekeeper] DEBUG HikariPool:421 - HikariPool-1 - After cleanup  stats (total=50, active=0, idle=50, waiting=0)
2021-02-24 07:40:15 [HikariPool-1 housekeeper] DEBUG HikariPool:517 - HikariPool-1 - Fill pool skipped, pool is at sufficient level.
2021-02-24 07:40:45 [HikariPool-1 housekeeper] DEBUG HikariPool:421 - HikariPool-1 - Before cleanup stats (total=50, active=0, idle=50, waiting=0)
2021-02-24 07:40:45 [HikariPool-1 housekeeper] DEBUG HikariPool:421 - HikariPool-1 - After cleanup  stats (total=50, active=0, idle=50, waiting=0)
2021-02-24 07:40:45 [HikariPool-1 housekeeper] DEBUG HikariPool:517 - HikariPool-1 - Fill pool skipped, pool is at sufficient level.
2021-02-24 07:41:15 [HikariPool-1 housekeeper] DEBUG HikariPool:421 - HikariPool-1 - Before cleanup stats (total=50, active=0, idle=50, waiting=0)
2021-02-24 07:41:15 [HikariPool-1 housekeeper] DEBUG HikariPool:421 - HikariPool-1 - After cleanup  stats (total=50, active=0, idle=50, waiting=0)
2021-02-24 07:41:15 [HikariPool-1 housekeeper] DEBUG HikariPool:517 - HikariPool-1 - Fill pool skipped, pool is at sufficient level.
2021-02-24 07:41:45 [HikariPool-1 housekeeper] DEBUG HikariPool:421 - HikariPool-1 - Before cleanup stats (total=50, active=0, idle=50, waiting=0)
2021-02-24 07:41:45 [HikariPool-1 housekeeper] DEBUG HikariPool:421 - HikariPool-1 - After cleanup  stats (total=50, active=0, idle=50, waiting=0)
2021-02-24 07:41:45 [HikariPool-1 housekeeper] DEBUG HikariPool:517 - HikariPool-1 - Fill pool skipped, pool is at sufficient level.
2021-02-24 07:42:15 [HikariPool-1 housekeeper] DEBUG HikariPool:421 - HikariPool-1 - Before cleanup stats (total=50, active=0, idle=50, waiting=0)
2021-02-24 07:42:15 [HikariPool-1 housekeeper] DEBUG HikariPool:421 - HikariPool-1 - After cleanup  stats (total=50, active=0, idle=50, waiting=0)
2021-02-24 07:42:15 [HikariPool-1 housekeeper] DEBUG HikariPool:517 - HikariPool-1 - Fill pool skipped, pool is at sufficient level.
2021-02-24 07:42:45 [HikariPool-1 housekeeper] DEBUG HikariPool:421 - HikariPool-1 - Before cleanup stats (total=50, active=0, idle=50, waiting=0)
2021-02-24 07:42:45 [HikariPool-1 housekeeper] DEBUG HikariPool:421 - HikariPool-1 - After cleanup  stats (total=50, active=0, idle=50, waiting=0)
2021-02-24 07:42:45 [HikariPool-1 housekeeper] DEBUG HikariPool:517 - HikariPool-1 - Fill pool skipped, pool is at sufficient level.
2021-02-24 07:43:15 [HikariPool-1 housekeeper] DEBUG HikariPool:421 - HikariPool-1 - Before cleanup stats (total=50, active=0, idle=50, waiting=0)
2021-02-24 07:43:15 [HikariPool-1 housekeeper] DEBUG HikariPool:421 - HikariPool-1 - After cleanup  stats (total=50, active=0, idle=50, waiting=0)
2021-02-24 07:43:15 [HikariPool-1 housekeeper] DEBUG HikariPool:517 - HikariPool-1 - Fill pool skipped, pool is at sufficient level.
2021-02-24 07:43:45 [HikariPool-1 housekeeper] DEBUG HikariPool:421 - HikariPool-1 - Before cleanup stats (total=50, active=0, idle=50, waiting=0)
2021-02-24 07:43:45 [HikariPool-1 housekeeper] DEBUG HikariPool:421 - HikariPool-1 - After cleanup  stats (total=50, active=0, idle=50, waiting=0)
2021-02-24 07:43:45 [HikariPool-1 housekeeper] DEBUG HikariPool:517 - HikariPool-1 - Fill pool skipped, pool is at sufficient level.
2021-02-24 07:44:15 [HikariPool-1 housekeeper] DEBUG HikariPool:421 - HikariPool-1 - Before cleanup stats (total=50, active=0, idle=50, waiting=0)
2021-02-24 07:44:15 [HikariPool-1 housekeeper] DEBUG HikariPool:421 - HikariPool-1 - After cleanup  stats (total=50, active=0, idle=50, waiting=0)
2021-02-24 07:44:15 [HikariPool-1 housekeeper] DEBUG HikariPool:517 - HikariPool-1 - Fill pool skipped, pool is at sufficient level.
2021-02-24 07:44:45 [HikariPool-1 housekeeper] DEBUG HikariPool:421 - HikariPool-1 - Before cleanup stats (total=50, active=0, idle=50, waiting=0)
2021-02-24 07:44:45 [HikariPool-1 housekeeper] DEBUG HikariPool:421 - HikariPool-1 - After cleanup  stats (total=50, active=0, idle=50, waiting=0)
2021-02-24 07:44:45 [HikariPool-1 housekeeper] DEBUG HikariPool:517 - HikariPool-1 - Fill pool skipped, pool is at sufficient level.
2021-02-24 07:45:15 [HikariPool-1 housekeeper] DEBUG HikariPool:421 - HikariPool-1 - Before cleanup stats (total=50, active=0, idle=50, waiting=0)
2021-02-24 07:45:15 [HikariPool-1 housekeeper] DEBUG HikariPool:421 - HikariPool-1 - After cleanup  stats (total=50, active=0, idle=50, waiting=0)
2021-02-24 07:45:15 [HikariPool-1 housekeeper] DEBUG HikariPool:517 - HikariPool-1 - Fill pool skipped, pool is at sufficient level.
2021-02-24 07:45:45 [HikariPool-1 housekeeper] DEBUG HikariPool:421 - HikariPool-1 - Before cleanup stats (total=50, active=0, idle=50, waiting=0)
2021-02-24 07:45:45 [HikariPool-1 housekeeper] DEBUG HikariPool:421 - HikariPool-1 - After cleanup  stats (total=50, active=0, idle=50, waiting=0)
2021-02-24 07:45:45 [HikariPool-1 housekeeper] DEBUG HikariPool:517 - HikariPool-1 - Fill pool skipped, pool is at sufficient level.
2021-02-24 07:46:15 [HikariPool-1 housekeeper] DEBUG HikariPool:421 - HikariPool-1 - Before cleanup stats (total=50, active=0, idle=50, waiting=0)
2021-02-24 07:46:15 [HikariPool-1 housekeeper] DEBUG HikariPool:421 - HikariPool-1 - After cleanup  stats (total=50, active=0, idle=50, waiting=0)
2021-02-24 07:46:15 [HikariPool-1 housekeeper] DEBUG HikariPool:517 - HikariPool-1 - Fill pool skipped, pool is at sufficient level.
2021-02-24 07:46:20 [HikariPool-1 connection closer] DEBUG PoolBase:134 - HikariPool-1 - Closing connection com.mysql.cj.jdbc.ConnectionImpl@3fef3da7: (connection has passed maxLifetime)
2021-02-24 07:46:20 [HikariPool-1 connection adder] DEBUG HikariPool:728 - HikariPool-1 - Added connection com.mysql.cj.jdbc.ConnectionImpl@218f7ce5
2021-02-24 07:46:23 [HikariPool-1 connection closer] DEBUG PoolBase:134 - HikariPool-1 - Closing connection com.mysql.cj.jdbc.ConnectionImpl@1ab3b28f: (connection has passed maxLifetime)
2021-02-24 07:46:23 [HikariPool-1 connection adder] DEBUG HikariPool:728 - HikariPool-1 - Added connection com.mysql.cj.jdbc.ConnectionImpl@60b276de
2021-02-24 07:46:24 [HikariPool-1 connection closer] DEBUG PoolBase:134 - HikariPool-1 - Closing connection com.mysql.cj.jdbc.ConnectionImpl@acc4f8c: (connection has passed maxLifetime)
2021-02-24 07:46:24 [HikariPool-1 connection adder] DEBUG HikariPool:728 - HikariPool-1 - Added connection com.mysql.cj.jdbc.ConnectionImpl@5198d307
2021-02-24 07:46:25 [HikariPool-1 connection closer] DEBUG PoolBase:134 - HikariPool-1 - Closing connection com.mysql.cj.jdbc.ConnectionImpl@49fa5560: (connection has passed maxLifetime)
2021-02-24 07:46:25 [HikariPool-1 connection adder] DEBUG HikariPool:728 - HikariPool-1 - Added connection com.mysql.cj.jdbc.ConnectionImpl@9d8991
2021-02-24 07:46:27 [HikariPool-1 connection closer] DEBUG PoolBase:134 - HikariPool-1 - Closing connection com.mysql.cj.jdbc.ConnectionImpl@2fcebe50: (connection has passed maxLifetime)
2021-02-24 07:46:27 [HikariPool-1 connection adder] DEBUG HikariPool:728 - HikariPool-1 - Added connection com.mysql.cj.jdbc.ConnectionImpl@4b0ac3c8
2021-02-24 07:46:29 [HikariPool-1 connection closer] DEBUG PoolBase:134 - HikariPool-1 - Closing connection com.mysql.cj.jdbc.ConnectionImpl@6be7bfc8: (connection has passed maxLifetime)
2021-02-24 07:46:29 [HikariPool-1 connection adder] DEBUG HikariPool:728 - HikariPool-1 - Added connection com.mysql.cj.jdbc.ConnectionImpl@4d375b5
2021-02-24 07:46:30 [HikariPool-1 connection closer] DEBUG PoolBase:134 - HikariPool-1 - Closing connection com.mysql.cj.jdbc.ConnectionImpl@27557264: (connection has passed maxLifetime)
2021-02-24 07:46:30 [HikariPool-1 connection adder] DEBUG HikariPool:728 - HikariPool-1 - Added connection com.mysql.cj.jdbc.ConnectionImpl@2c6feff4
2021-02-24 07:46:31 [HikariPool-1 connection closer] DEBUG PoolBase:134 - HikariPool-1 - Closing connection com.mysql.cj.jdbc.ConnectionImpl@53b37940: (connection has passed maxLifetime)
2021-02-24 07:46:31 [HikariPool-1 connection adder] DEBUG HikariPool:728 - HikariPool-1 - Added connection com.mysql.cj.jdbc.ConnectionImpl@2ebc88fa
2021-02-24 07:46:31 [HikariPool-1 connection closer] DEBUG PoolBase:134 - HikariPool-1 - Closing connection com.mysql.cj.jdbc.ConnectionImpl@49a4ddb: (connection has passed maxLifetime)
2021-02-24 07:46:31 [HikariPool-1 connection adder] DEBUG HikariPool:728 - HikariPool-1 - Added connection com.mysql.cj.jdbc.ConnectionImpl@7fef2376
2021-02-24 07:46:34 [HikariPool-1 connection closer] DEBUG PoolBase:134 - HikariPool-1 - Closing connection com.mysql.cj.jdbc.ConnectionImpl@1a535306: (connection has passed maxLifetime)
2021-02-24 07:46:34 [HikariPool-1 connection adder] DEBUG HikariPool:728 - HikariPool-1 - Added connection com.mysql.cj.jdbc.ConnectionImpl@6d36ce85
2021-02-24 07:46:34 [HikariPool-1 connection closer] DEBUG PoolBase:134 - HikariPool-1 - Closing connection com.mysql.cj.jdbc.ConnectionImpl@109ddb5: (connection has passed maxLifetime)
2021-02-24 07:46:34 [HikariPool-1 connection adder] DEBUG HikariPool:728 - HikariPool-1 - Added connection com.mysql.cj.jdbc.ConnectionImpl@246dfff4
2021-02-24 07:46:34 [HikariPool-1 connection closer] DEBUG PoolBase:134 - HikariPool-1 - Closing connection com.mysql.cj.jdbc.ConnectionImpl@54f30e27: (connection has passed maxLifetime)
2021-02-24 07:46:34 [HikariPool-1 connection adder] DEBUG HikariPool:728 - HikariPool-1 - Added connection com.mysql.cj.jdbc.ConnectionImpl@6321408b
2021-02-24 07:46:34 [HikariPool-1 connection closer] DEBUG PoolBase:134 - HikariPool-1 - Closing connection com.mysql.cj.jdbc.ConnectionImpl@6b0133e1: (connection has passed maxLifetime)
2021-02-24 07:46:34 [HikariPool-1 connection adder] DEBUG HikariPool:728 - HikariPool-1 - Added connection com.mysql.cj.jdbc.ConnectionImpl@765b673a
2021-02-24 07:46:35 [HikariPool-1 connection closer] DEBUG PoolBase:134 - HikariPool-1 - Closing connection com.mysql.cj.jdbc.ConnectionImpl@2e1ad47d: (connection has passed maxLifetime)
2021-02-24 07:46:35 [HikariPool-1 connection adder] DEBUG HikariPool:728 - HikariPool-1 - Added connection com.mysql.cj.jdbc.ConnectionImpl@60cff926
2021-02-24 07:46:35 [HikariPool-1 connection closer] DEBUG PoolBase:134 - HikariPool-1 - Closing connection com.mysql.cj.jdbc.ConnectionImpl@793969f6: (connection has passed maxLifetime)
2021-02-24 07:46:35 [HikariPool-1 connection adder] DEBUG HikariPool:728 - HikariPool-1 - Added connection com.mysql.cj.jdbc.ConnectionImpl@6543e727
2021-02-24 07:46:35 [HikariPool-1 connection closer] DEBUG PoolBase:134 - HikariPool-1 - Closing connection com.mysql.cj.jdbc.ConnectionImpl@6d81fde3: (connection has passed maxLifetime)
2021-02-24 07:46:35 [HikariPool-1 connection adder] DEBUG HikariPool:728 - HikariPool-1 - Added connection com.mysql.cj.jdbc.ConnectionImpl@6de26857
2021-02-24 07:46:37 [HikariPool-1 connection closer] DEBUG PoolBase:134 - HikariPool-1 - Closing connection com.mysql.cj.jdbc.ConnectionImpl@7aa69f78: (connection has passed maxLifetime)
2021-02-24 07:46:37 [HikariPool-1 connection adder] DEBUG HikariPool:728 - HikariPool-1 - Added connection com.mysql.cj.jdbc.ConnectionImpl@3e9afa48
2021-02-24 07:46:37 [HikariPool-1 connection closer] DEBUG PoolBase:134 - HikariPool-1 - Closing connection com.mysql.cj.jdbc.ConnectionImpl@6004383d: (connection has passed maxLifetime)
2021-02-24 07:46:37 [HikariPool-1 connection adder] DEBUG HikariPool:728 - HikariPool-1 - Added connection com.mysql.cj.jdbc.ConnectionImpl@6fdf3a4a
2021-02-24 07:46:38 [HikariPool-1 connection closer] DEBUG PoolBase:134 - HikariPool-1 - Closing connection com.mysql.cj.jdbc.ConnectionImpl@dd9b0e4: (connection has passed maxLifetime)
2021-02-24 07:46:38 [HikariPool-1 connection adder] DEBUG HikariPool:728 - HikariPool-1 - Added connection com.mysql.cj.jdbc.ConnectionImpl@10cbb682
2021-02-24 07:46:42 [HikariPool-1 connection closer] DEBUG PoolBase:134 - HikariPool-1 - Closing connection com.mysql.cj.jdbc.ConnectionImpl@4279ac75: (connection has passed maxLifetime)
2021-02-24 07:46:42 [HikariPool-1 connection adder] DEBUG HikariPool:728 - HikariPool-1 - Added connection com.mysql.cj.jdbc.ConnectionImpl@1d8d3494
2021-02-24 07:46:43 [HikariPool-1 connection closer] DEBUG PoolBase:134 - HikariPool-1 - Closing connection com.mysql.cj.jdbc.ConnectionImpl@67d3d302: (connection has passed maxLifetime)
2021-02-24 07:46:43 [HikariPool-1 connection adder] DEBUG HikariPool:728 - HikariPool-1 - Added connection com.mysql.cj.jdbc.ConnectionImpl@7ba4fbbd
2021-02-24 07:46:44 [HikariPool-1 connection closer] DEBUG PoolBase:134 - HikariPool-1 - Closing connection com.mysql.cj.jdbc.ConnectionImpl@ab6565f: (connection has passed maxLifetime)
2021-02-24 07:46:44 [HikariPool-1 connection adder] DEBUG HikariPool:728 - HikariPool-1 - Added connection com.mysql.cj.jdbc.ConnectionImpl@364033ae
2021-02-24 07:46:44 [HikariPool-1 connection closer] DEBUG PoolBase:134 - HikariPool-1 - Closing connection com.mysql.cj.jdbc.ConnectionImpl@f89db8c: (connection has passed maxLifetime)
2021-02-24 07:46:44 [HikariPool-1 connection adder] DEBUG HikariPool:728 - HikariPool-1 - Added connection com.mysql.cj.jdbc.ConnectionImpl@6d568151
2021-02-24 07:46:45 [HikariPool-1 connection closer] DEBUG PoolBase:134 - HikariPool-1 - Closing connection com.mysql.cj.jdbc.ConnectionImpl@6ecf80f6: (connection has passed maxLifetime)
2021-02-24 07:46:45 [HikariPool-1 connection adder] DEBUG HikariPool:728 - HikariPool-1 - Added connection com.mysql.cj.jdbc.ConnectionImpl@7438ceef
2021-02-24 07:46:45 [HikariPool-1 housekeeper] DEBUG HikariPool:421 - HikariPool-1 - Before cleanup stats (total=50, active=0, idle=50, waiting=0)
2021-02-24 07:46:45 [HikariPool-1 housekeeper] DEBUG HikariPool:421 - HikariPool-1 - After cleanup  stats (total=50, active=0, idle=50, waiting=0)
2021-02-24 07:46:45 [HikariPool-1 housekeeper] DEBUG HikariPool:517 - HikariPool-1 - Fill pool skipped, pool is at sufficient level.
2021-02-24 07:46:46 [HikariPool-1 connection closer] DEBUG PoolBase:134 - HikariPool-1 - Closing connection com.mysql.cj.jdbc.ConnectionImpl@26081628: (connection has passed maxLifetime)
2021-02-24 07:46:46 [HikariPool-1 connection adder] DEBUG HikariPool:728 - HikariPool-1 - Added connection com.mysql.cj.jdbc.ConnectionImpl@30ef655
2021-02-24 07:46:47 [HikariPool-1 connection closer] DEBUG PoolBase:134 - HikariPool-1 - Closing connection com.mysql.cj.jdbc.ConnectionImpl@730aa1b9: (connection has passed maxLifetime)
2021-02-24 07:46:47 [HikariPool-1 connection adder] DEBUG HikariPool:728 - HikariPool-1 - Added connection com.mysql.cj.jdbc.ConnectionImpl@60339c54
2021-02-24 07:46:48 [HikariPool-1 connection closer] DEBUG PoolBase:134 - HikariPool-1 - Closing connection com.mysql.cj.jdbc.ConnectionImpl@786b0dbe: (connection has passed maxLifetime)
2021-02-24 07:46:48 [HikariPool-1 connection adder] DEBUG HikariPool:728 - HikariPool-1 - Added connection com.mysql.cj.jdbc.ConnectionImpl@13b5ff32
2021-02-24 07:46:48 [HikariPool-1 connection closer] DEBUG PoolBase:134 - HikariPool-1 - Closing connection com.mysql.cj.jdbc.ConnectionImpl@7ed2379c: (connection has passed maxLifetime)
2021-02-24 07:46:48 [HikariPool-1 connection adder] DEBUG HikariPool:728 - HikariPool-1 - Added connection com.mysql.cj.jdbc.ConnectionImpl@4e0ded63
2021-02-24 07:46:50 [HikariPool-1 connection closer] DEBUG PoolBase:134 - HikariPool-1 - Closing connection com.mysql.cj.jdbc.ConnectionImpl@7c9535e1: (connection has passed maxLifetime)
2021-02-24 07:46:50 [HikariPool-1 connection adder] DEBUG HikariPool:728 - HikariPool-1 - Added connection com.mysql.cj.jdbc.ConnectionImpl@7d010db6
2021-02-24 07:46:50 [HikariPool-1 connection closer] DEBUG PoolBase:134 - HikariPool-1 - Closing connection com.mysql.cj.jdbc.ConnectionImpl@7fd25d61: (connection has passed maxLifetime)
2021-02-24 07:46:50 [HikariPool-1 connection adder] DEBUG HikariPool:728 - HikariPool-1 - Added connection com.mysql.cj.jdbc.ConnectionImpl@6ee6f4d5
2021-02-24 07:46:53 [HikariPool-1 connection closer] DEBUG PoolBase:134 - HikariPool-1 - Closing connection com.mysql.cj.jdbc.ConnectionImpl@2871092b: (connection has passed maxLifetime)
2021-02-24 07:46:53 [HikariPool-1 connection adder] DEBUG HikariPool:728 - HikariPool-1 - Added connection com.mysql.cj.jdbc.ConnectionImpl@53707504
2021-02-24 07:46:53 [HikariPool-1 connection closer] DEBUG PoolBase:134 - HikariPool-1 - Closing connection com.mysql.cj.jdbc.ConnectionImpl@19a2e2c4: (connection has passed maxLifetime)
2021-02-24 07:46:53 [HikariPool-1 connection adder] DEBUG HikariPool:728 - HikariPool-1 - Added connection com.mysql.cj.jdbc.ConnectionImpl@4ef9637e
2021-02-24 07:46:54 [HikariPool-1 connection closer] DEBUG PoolBase:134 - HikariPool-1 - Closing connection com.mysql.cj.jdbc.ConnectionImpl@441c3c60: (connection has passed maxLifetime)
2021-02-24 07:46:54 [HikariPool-1 connection adder] DEBUG HikariPool:728 - HikariPool-1 - Added connection com.mysql.cj.jdbc.ConnectionImpl@7575bc2d
2021-02-24 07:46:56 [HikariPool-1 connection closer] DEBUG PoolBase:134 - HikariPool-1 - Closing connection com.mysql.cj.jdbc.ConnectionImpl@34be0cf4: (connection has passed maxLifetime)
2021-02-24 07:46:56 [HikariPool-1 connection adder] DEBUG HikariPool:728 - HikariPool-1 - Added connection com.mysql.cj.jdbc.ConnectionImpl@648e627d
2021-02-24 07:46:57 [HikariPool-1 connection closer] DEBUG PoolBase:134 - HikariPool-1 - Closing connection com.mysql.cj.jdbc.ConnectionImpl@4a4f81a6: (connection has passed maxLifetime)
2021-02-24 07:46:57 [HikariPool-1 connection adder] DEBUG HikariPool:728 - HikariPool-1 - Added connection com.mysql.cj.jdbc.ConnectionImpl@705d45f9
2021-02-24 07:46:58 [HikariPool-1 connection closer] DEBUG PoolBase:134 - HikariPool-1 - Closing connection com.mysql.cj.jdbc.ConnectionImpl@4f95412b: (connection has passed maxLifetime)
2021-02-24 07:46:58 [HikariPool-1 connection adder] DEBUG HikariPool:728 - HikariPool-1 - Added connection com.mysql.cj.jdbc.ConnectionImpl@4eeab463
2021-02-24 07:46:59 [HikariPool-1 connection closer] DEBUG PoolBase:134 - HikariPool-1 - Closing connection com.mysql.cj.jdbc.ConnectionImpl@7f034cb9: (connection has passed maxLifetime)
2021-02-24 07:46:59 [HikariPool-1 connection adder] DEBUG HikariPool:728 - HikariPool-1 - Added connection com.mysql.cj.jdbc.ConnectionImpl@74335e13
2021-02-24 07:47:00 [HikariPool-1 connection closer] DEBUG PoolBase:134 - HikariPool-1 - Closing connection com.mysql.cj.jdbc.ConnectionImpl@68684037: (connection has passed maxLifetime)
2021-02-24 07:47:00 [HikariPool-1 connection adder] DEBUG HikariPool:728 - HikariPool-1 - Added connection com.mysql.cj.jdbc.ConnectionImpl@3318fd03
2021-02-24 07:47:00 [HikariPool-1 connection closer] DEBUG PoolBase:134 - HikariPool-1 - Closing connection com.mysql.cj.jdbc.ConnectionImpl@121a837d: (connection has passed maxLifetime)
2021-02-24 07:47:00 [HikariPool-1 connection adder] DEBUG HikariPool:728 - HikariPool-1 - Added connection com.mysql.cj.jdbc.ConnectionImpl@6eb81cc7
2021-02-24 07:47:02 [HikariPool-1 connection closer] DEBUG PoolBase:134 - HikariPool-1 - Closing connection com.mysql.cj.jdbc.ConnectionImpl@52712b7e: (connection has passed maxLifetime)
2021-02-24 07:47:02 [HikariPool-1 connection adder] DEBUG HikariPool:728 - HikariPool-1 - Added connection com.mysql.cj.jdbc.ConnectionImpl@6260974a
2021-02-24 07:47:03 [HikariPool-1 connection closer] DEBUG PoolBase:134 - HikariPool-1 - Closing connection com.mysql.cj.jdbc.ConnectionImpl@1efdc8d3: (connection has passed maxLifetime)
2021-02-24 07:47:03 [HikariPool-1 connection adder] DEBUG HikariPool:728 - HikariPool-1 - Added connection com.mysql.cj.jdbc.ConnectionImpl@64e5bcae
2021-02-24 07:47:04 [HikariPool-1 connection closer] DEBUG PoolBase:134 - HikariPool-1 - Closing connection com.mysql.cj.jdbc.ConnectionImpl@42eb6b7c: (connection has passed maxLifetime)
2021-02-24 07:47:04 [HikariPool-1 connection adder] DEBUG HikariPool:728 - HikariPool-1 - Added connection com.mysql.cj.jdbc.ConnectionImpl@300cc019
2021-02-24 07:47:04 [HikariPool-1 connection closer] DEBUG PoolBase:134 - HikariPool-1 - Closing connection com.mysql.cj.jdbc.ConnectionImpl@62e4d809: (connection has passed maxLifetime)
2021-02-24 07:47:04 [HikariPool-1 housekeeper] DEBUG HikariPool:342 - HikariPool-1 - Add connection elided, waiting 0, queue 1
2021-02-24 07:47:04 [HikariPool-1 connection closer] DEBUG PoolBase:134 - HikariPool-1 - Closing connection com.mysql.cj.jdbc.ConnectionImpl@2223747b: (connection has passed maxLifetime)
2021-02-24 07:47:04 [HikariPool-1 connection adder] DEBUG HikariPool:728 - HikariPool-1 - Added connection com.mysql.cj.jdbc.ConnectionImpl@1d4ccad2
2021-02-24 07:47:04 [HikariPool-1 connection adder] DEBUG HikariPool:728 - HikariPool-1 - Added connection com.mysql.cj.jdbc.ConnectionImpl@1b4c99cd
2021-02-24 07:47:04 [HikariPool-1 connection adder] DEBUG HikariPool:421 - HikariPool-1 - After adding stats (total=50, active=0, idle=50, waiting=0)
2021-02-24 07:47:04 [HikariPool-1 connection closer] DEBUG PoolBase:134 - HikariPool-1 - Closing connection com.mysql.cj.jdbc.ConnectionImpl@100a3bf2: (connection has passed maxLifetime)
2021-02-24 07:47:04 [HikariPool-1 connection adder] DEBUG HikariPool:728 - HikariPool-1 - Added connection com.mysql.cj.jdbc.ConnectionImpl@1cb5be6a
2021-02-24 07:47:04 [HikariPool-1 connection closer] DEBUG PoolBase:134 - HikariPool-1 - Closing connection com.mysql.cj.jdbc.ConnectionImpl@10c0b76b: (connection has passed maxLifetime)
2021-02-24 07:47:04 [HikariPool-1 connection adder] DEBUG HikariPool:728 - HikariPool-1 - Added connection com.mysql.cj.jdbc.ConnectionImpl@1a848375
2021-02-24 07:47:05 [HikariPool-1 connection closer] DEBUG PoolBase:134 - HikariPool-1 - Closing connection com.mysql.cj.jdbc.ConnectionImpl@46570d19: (connection has passed maxLifetime)
2021-02-24 07:47:05 [HikariPool-1 connection adder] DEBUG HikariPool:728 - HikariPool-1 - Added connection com.mysql.cj.jdbc.ConnectionImpl@6bf7454b
2021-02-24 07:47:05 [HikariPool-1 connection closer] DEBUG PoolBase:134 - HikariPool-1 - Closing connection com.mysql.cj.jdbc.ConnectionImpl@3a8cbba3: (connection has passed maxLifetime)
2021-02-24 07:47:05 [HikariPool-1 connection adder] DEBUG HikariPool:728 - HikariPool-1 - Added connection com.mysql.cj.jdbc.ConnectionImpl@7fe236e9
2021-02-24 07:47:06 [HikariPool-1 connection closer] DEBUG PoolBase:134 - HikariPool-1 - Closing connection com.mysql.cj.jdbc.ConnectionImpl@7fb3a36a: (connection has passed maxLifetime)
2021-02-24 07:47:06 [HikariPool-1 connection adder] DEBUG HikariPool:728 - HikariPool-1 - Added connection com.mysql.cj.jdbc.ConnectionImpl@7387d793
2021-02-24 07:47:10 [HikariPool-1 connection closer] DEBUG PoolBase:134 - HikariPool-1 - Closing connection com.mysql.cj.jdbc.ConnectionImpl@2ce098c7: (connection has passed maxLifetime)
2021-02-24 07:47:10 [HikariPool-1 connection adder] DEBUG HikariPool:728 - HikariPool-1 - Added connection com.mysql.cj.jdbc.ConnectionImpl@40761250
2021-02-24 07:47:15 [HikariPool-1 housekeeper] DEBUG HikariPool:421 - HikariPool-1 - Before cleanup stats (total=50, active=0, idle=50, waiting=0)
2021-02-24 07:47:15 [HikariPool-1 housekeeper] DEBUG HikariPool:421 - HikariPool-1 - After cleanup  stats (total=50, active=0, idle=50, waiting=0)
2021-02-24 07:47:15 [HikariPool-1 housekeeper] DEBUG HikariPool:517 - HikariPool-1 - Fill pool skipped, pool is at sufficient level.
2021-02-24 07:47:45 [HikariPool-1 housekeeper] DEBUG HikariPool:421 - HikariPool-1 - Before cleanup stats (total=50, active=0, idle=50, waiting=0)
2021-02-24 07:47:45 [HikariPool-1 housekeeper] DEBUG HikariPool:421 - HikariPool-1 - After cleanup  stats (total=50, active=0, idle=50, waiting=0)
2021-02-24 07:47:45 [HikariPool-1 housekeeper] DEBUG HikariPool:517 - HikariPool-1 - Fill pool skipped, pool is at sufficient level.
2021-02-24 07:48:15 [HikariPool-1 housekeeper] DEBUG HikariPool:421 - HikariPool-1 - Before cleanup stats (total=50, active=0, idle=50, waiting=0)
2021-02-24 07:48:15 [HikariPool-1 housekeeper] DEBUG HikariPool:421 - HikariPool-1 - After cleanup  stats (total=50, active=0, idle=50, waiting=0)
2021-02-24 07:48:15 [HikariPool-1 housekeeper] DEBUG HikariPool:517 - HikariPool-1 - Fill pool skipped, pool is at sufficient level.
2021-02-24 07:48:45 [HikariPool-1 housekeeper] DEBUG HikariPool:421 - HikariPool-1 - Before cleanup stats (total=50, active=0, idle=50, waiting=0)
2021-02-24 07:48:45 [HikariPool-1 housekeeper] DEBUG HikariPool:421 - HikariPool-1 - After cleanup  stats (total=50, active=0, idle=50, waiting=0)
2021-02-24 07:48:45 [HikariPool-1 housekeeper] DEBUG HikariPool:517 - HikariPool-1 - Fill pool skipped, pool is at sufficient level.
2021-02-24 07:49:15 [HikariPool-1 housekeeper] DEBUG HikariPool:421 - HikariPool-1 - Before cleanup stats (total=50, active=0, idle=50, waiting=0)
2021-02-24 07:49:15 [HikariPool-1 housekeeper] DEBUG HikariPool:421 - HikariPool-1 - After cleanup  stats (total=50, active=0, idle=50, waiting=0)
2021-02-24 07:49:15 [HikariPool-1 housekeeper] DEBUG HikariPool:517 - HikariPool-1 - Fill pool skipped, pool is at sufficient level.
2021-02-24 07:49:45 [HikariPool-1 housekeeper] DEBUG HikariPool:421 - HikariPool-1 - Before cleanup stats (total=50, active=0, idle=50, waiting=0)
2021-02-24 07:49:45 [HikariPool-1 housekeeper] DEBUG HikariPool:421 - HikariPool-1 - After cleanup  stats (total=50, active=0, idle=50, waiting=0)
2021-02-24 07:49:45 [HikariPool-1 housekeeper] DEBUG HikariPool:517 - HikariPool-1 - Fill pool skipped, pool is at sufficient level.
2021-02-24 07:50:15 [HikariPool-1 housekeeper] DEBUG HikariPool:421 - HikariPool-1 - Before cleanup stats (total=50, active=0, idle=50, waiting=0)
2021-02-24 07:50:15 [HikariPool-1 housekeeper] DEBUG HikariPool:421 - HikariPool-1 - After cleanup  stats (total=50, active=0, idle=50, waiting=0)
2021-02-24 07:50:15 [HikariPool-1 housekeeper] DEBUG HikariPool:517 - HikariPool-1 - Fill pool skipped, pool is at sufficient level.
2021-02-24 07:50:45 [HikariPool-1 housekeeper] DEBUG HikariPool:421 - HikariPool-1 - Before cleanup stats (total=50, active=0, idle=50, waiting=0)
2021-02-24 07:50:45 [HikariPool-1 housekeeper] DEBUG HikariPool:421 - HikariPool-1 - After cleanup  stats (total=50, active=0, idle=50, waiting=0)
2021-02-24 07:50:45 [HikariPool-1 housekeeper] DEBUG HikariPool:517 - HikariPool-1 - Fill pool skipped, pool is at sufficient level.
2021-02-24 07:51:16 [HikariPool-1 housekeeper] DEBUG HikariPool:421 - HikariPool-1 - Before cleanup stats (total=50, active=0, idle=50, waiting=0)
2021-02-24 07:51:16 [HikariPool-1 housekeeper] DEBUG HikariPool:421 - HikariPool-1 - After cleanup  stats (total=50, active=0, idle=50, waiting=0)
2021-02-24 07:51:16 [HikariPool-1 housekeeper] DEBUG HikariPool:517 - HikariPool-1 - Fill pool skipped, pool is at sufficient level.
2021-02-24 08:39:03 [HikariPool-1 housekeeper] WARN  HikariPool:787 - HikariPool-1 - Thread starvation or clock leap detected (housekeeper delta=47m46s694ms).
2021-02-24 08:39:03 [HikariPool-1 housekeeper] DEBUG HikariPool:421 - HikariPool-1 - Before cleanup stats (total=50, active=0, idle=50, waiting=0)
2021-02-24 08:39:03 [HikariPool-1 housekeeper] DEBUG HikariPool:421 - HikariPool-1 - After cleanup  stats (total=50, active=0, idle=50, waiting=0)
2021-02-24 08:39:03 [HikariPool-1 housekeeper] DEBUG HikariPool:517 - HikariPool-1 - Fill pool skipped, pool is at sufficient level.
2021-02-24 08:39:33 [HikariPool-1 housekeeper] DEBUG HikariPool:421 - HikariPool-1 - Before cleanup stats (total=50, active=0, idle=50, waiting=0)
2021-02-24 08:39:33 [HikariPool-1 housekeeper] DEBUG HikariPool:421 - HikariPool-1 - After cleanup  stats (total=50, active=0, idle=50, waiting=0)
2021-02-24 08:39:33 [HikariPool-1 housekeeper] DEBUG HikariPool:517 - HikariPool-1 - Fill pool skipped, pool is at sufficient level.
2021-02-24 08:40:03 [HikariPool-1 housekeeper] DEBUG HikariPool:421 - HikariPool-1 - Before cleanup stats (total=50, active=0, idle=50, waiting=0)
2021-02-24 08:40:03 [HikariPool-1 housekeeper] DEBUG HikariPool:421 - HikariPool-1 - After cleanup  stats (total=50, active=0, idle=50, waiting=0)
2021-02-24 08:40:03 [HikariPool-1 housekeeper] DEBUG HikariPool:517 - HikariPool-1 - Fill pool skipped, pool is at sufficient level.
2021-02-24 08:40:33 [HikariPool-1 housekeeper] DEBUG HikariPool:421 - HikariPool-1 - Before cleanup stats (total=50, active=0, idle=50, waiting=0)
2021-02-24 08:40:33 [HikariPool-1 housekeeper] DEBUG HikariPool:421 - HikariPool-1 - After cleanup  stats (total=50, active=0, idle=50, waiting=0)
2021-02-24 08:40:33 [HikariPool-1 housekeeper] DEBUG HikariPool:517 - HikariPool-1 - Fill pool skipped, pool is at sufficient level.
2021-02-24 08:41:03 [HikariPool-1 housekeeper] DEBUG HikariPool:421 - HikariPool-1 - Before cleanup stats (total=50, active=0, idle=50, waiting=0)
2021-02-24 08:41:03 [HikariPool-1 housekeeper] DEBUG HikariPool:421 - HikariPool-1 - After cleanup  stats (total=50, active=0, idle=50, waiting=0)
2021-02-24 08:41:03 [HikariPool-1 housekeeper] DEBUG HikariPool:517 - HikariPool-1 - Fill pool skipped, pool is at sufficient level.
2021-02-24 08:41:33 [HikariPool-1 housekeeper] DEBUG HikariPool:421 - HikariPool-1 - Before cleanup stats (total=50, active=0, idle=50, waiting=0)
2021-02-24 08:41:33 [HikariPool-1 housekeeper] DEBUG HikariPool:421 - HikariPool-1 - After cleanup  stats (total=50, active=0, idle=50, waiting=0)
2021-02-24 08:41:33 [HikariPool-1 housekeeper] DEBUG HikariPool:517 - HikariPool-1 - Fill pool skipped, pool is at sufficient level.
2021-02-24 08:42:03 [HikariPool-1 housekeeper] DEBUG HikariPool:421 - HikariPool-1 - Before cleanup stats (total=50, active=0, idle=50, waiting=0)
2021-02-24 08:42:03 [HikariPool-1 housekeeper] DEBUG HikariPool:421 - HikariPool-1 - After cleanup  stats (total=50, active=0, idle=50, waiting=0)
2021-02-24 08:42:03 [HikariPool-1 housekeeper] DEBUG HikariPool:517 - HikariPool-1 - Fill pool skipped, pool is at sufficient level.
2021-02-24 08:42:33 [HikariPool-1 housekeeper] DEBUG HikariPool:421 - HikariPool-1 - Before cleanup stats (total=50, active=0, idle=50, waiting=0)
2021-02-24 08:42:33 [HikariPool-1 housekeeper] DEBUG HikariPool:421 - HikariPool-1 - After cleanup  stats (total=50, active=0, idle=50, waiting=0)
2021-02-24 08:42:33 [HikariPool-1 housekeeper] DEBUG HikariPool:517 - HikariPool-1 - Fill pool skipped, pool is at sufficient level.
2021-02-24 08:43:03 [HikariPool-1 housekeeper] DEBUG HikariPool:421 - HikariPool-1 - Before cleanup stats (total=50, active=0, idle=50, waiting=0)
2021-02-24 08:43:03 [HikariPool-1 housekeeper] DEBUG HikariPool:421 - HikariPool-1 - After cleanup  stats (total=50, active=0, idle=50, waiting=0)
2021-02-24 08:43:03 [HikariPool-1 housekeeper] DEBUG HikariPool:517 - HikariPool-1 - Fill pool skipped, pool is at sufficient level.
2021-02-24 08:43:33 [HikariPool-1 housekeeper] DEBUG HikariPool:421 - HikariPool-1 - Before cleanup stats (total=50, active=0, idle=50, waiting=0)
2021-02-24 08:43:33 [HikariPool-1 housekeeper] DEBUG HikariPool:421 - HikariPool-1 - After cleanup  stats (total=50, active=0, idle=50, waiting=0)
2021-02-24 08:43:33 [HikariPool-1 housekeeper] DEBUG HikariPool:517 - HikariPool-1 - Fill pool skipped, pool is at sufficient level.
2021-02-24 08:44:02 [HikariPool-1 housekeeper] WARN  HikariPool:779 - HikariPool-1 - Retrograde clock change detected (housekeeper delta=29s333ms), soft-evicting connections from pool.
2021-02-24 08:44:02 [HikariPool-1 connection closer] DEBUG PoolBase:134 - HikariPool-1 - Closing connection com.mysql.cj.jdbc.ConnectionImpl@218f7ce5: (connection evicted)
2021-02-24 08:44:02 [HikariPool-1 connection closer] DEBUG PoolBase:134 - HikariPool-1 - Closing connection com.mysql.cj.jdbc.ConnectionImpl@60b276de: (connection evicted)
2021-02-24 08:44:02 [HikariPool-1 connection closer] DEBUG PoolBase:134 - HikariPool-1 - Closing connection com.mysql.cj.jdbc.ConnectionImpl@5198d307: (connection evicted)
2021-02-24 08:44:02 [HikariPool-1 connection closer] DEBUG HikariPool:517 - HikariPool-1 - Fill pool skipped, pool is at sufficient level.
2021-02-24 08:44:02 [HikariPool-1 connection closer] DEBUG PoolBase:134 - HikariPool-1 - Closing connection com.mysql.cj.jdbc.ConnectionImpl@9d8991: (connection evicted)
2021-02-24 08:44:02 [HikariPool-1 connection closer] DEBUG HikariPool:517 - HikariPool-1 - Fill pool skipped, pool is at sufficient level.
2021-02-24 08:44:02 [HikariPool-1 connection closer] DEBUG PoolBase:134 - HikariPool-1 - Closing connection com.mysql.cj.jdbc.ConnectionImpl@4b0ac3c8: (connection evicted)
2021-02-24 08:44:02 [HikariPool-1 connection closer] DEBUG HikariPool:517 - HikariPool-1 - Fill pool skipped, pool is at sufficient level.
2021-02-24 08:44:02 [HikariPool-1 connection closer] DEBUG PoolBase:134 - HikariPool-1 - Closing connection com.mysql.cj.jdbc.ConnectionImpl@4d375b5: (connection evicted)
2021-02-24 08:44:02 [HikariPool-1 connection closer] DEBUG HikariPool:517 - HikariPool-1 - Fill pool skipped, pool is at sufficient level.
2021-02-24 08:44:02 [HikariPool-1 connection closer] DEBUG PoolBase:134 - HikariPool-1 - Closing connection com.mysql.cj.jdbc.ConnectionImpl@2c6feff4: (connection evicted)
2021-02-24 08:44:02 [HikariPool-1 connection closer] DEBUG HikariPool:517 - HikariPool-1 - Fill pool skipped, pool is at sufficient level.
2021-02-24 08:44:02 [HikariPool-1 connection closer] DEBUG PoolBase:134 - HikariPool-1 - Closing connection com.mysql.cj.jdbc.ConnectionImpl@2ebc88fa: (connection evicted)
2021-02-24 08:44:02 [HikariPool-1 connection closer] DEBUG HikariPool:517 - HikariPool-1 - Fill pool skipped, pool is at sufficient level.
2021-02-24 08:44:02 [HikariPool-1 connection closer] DEBUG PoolBase:134 - HikariPool-1 - Closing connection com.mysql.cj.jdbc.ConnectionImpl@7fef2376: (connection evicted)
2021-02-24 08:44:02 [HikariPool-1 connection closer] DEBUG HikariPool:517 - HikariPool-1 - Fill pool skipped, pool is at sufficient level.
2021-02-24 08:44:02 [HikariPool-1 connection closer] DEBUG PoolBase:134 - HikariPool-1 - Closing connection com.mysql.cj.jdbc.ConnectionImpl@6d36ce85: (connection evicted)
2021-02-24 08:44:02 [HikariPool-1 connection closer] DEBUG HikariPool:517 - HikariPool-1 - Fill pool skipped, pool is at sufficient level.
2021-02-24 08:44:02 [HikariPool-1 connection closer] DEBUG PoolBase:134 - HikariPool-1 - Closing connection com.mysql.cj.jdbc.ConnectionImpl@246dfff4: (connection evicted)
2021-02-24 08:44:02 [HikariPool-1 connection closer] DEBUG HikariPool:517 - HikariPool-1 - Fill pool skipped, pool is at sufficient level.
2021-02-24 08:44:02 [HikariPool-1 connection closer] DEBUG PoolBase:134 - HikariPool-1 - Closing connection com.mysql.cj.jdbc.ConnectionImpl@6321408b: (connection evicted)
2021-02-24 08:44:02 [HikariPool-1 connection closer] DEBUG HikariPool:517 - HikariPool-1 - Fill pool skipped, pool is at sufficient level.
2021-02-24 08:44:02 [HikariPool-1 connection closer] DEBUG PoolBase:134 - HikariPool-1 - Closing connection com.mysql.cj.jdbc.ConnectionImpl@765b673a: (connection evicted)
2021-02-24 08:44:02 [HikariPool-1 connection closer] DEBUG HikariPool:517 - HikariPool-1 - Fill pool skipped, pool is at sufficient level.
2021-02-24 08:44:02 [HikariPool-1 connection closer] DEBUG PoolBase:134 - HikariPool-1 - Closing connection com.mysql.cj.jdbc.ConnectionImpl@60cff926: (connection evicted)
2021-02-24 08:44:02 [HikariPool-1 connection closer] DEBUG HikariPool:517 - HikariPool-1 - Fill pool skipped, pool is at sufficient level.
2021-02-24 08:44:02 [HikariPool-1 connection closer] DEBUG PoolBase:134 - HikariPool-1 - Closing connection com.mysql.cj.jdbc.ConnectionImpl@6543e727: (connection evicted)
2021-02-24 08:44:02 [HikariPool-1 connection closer] DEBUG HikariPool:517 - HikariPool-1 - Fill pool skipped, pool is at sufficient level.
2021-02-24 08:44:02 [HikariPool-1 connection closer] DEBUG PoolBase:134 - HikariPool-1 - Closing connection com.mysql.cj.jdbc.ConnectionImpl@6de26857: (connection evicted)
2021-02-24 08:44:02 [HikariPool-1 connection closer] DEBUG HikariPool:517 - HikariPool-1 - Fill pool skipped, pool is at sufficient level.
2021-02-24 08:44:02 [HikariPool-1 connection closer] DEBUG PoolBase:134 - HikariPool-1 - Closing connection com.mysql.cj.jdbc.ConnectionImpl@3e9afa48: (connection evicted)
2021-02-24 08:44:02 [HikariPool-1 connection adder] DEBUG HikariPool:728 - HikariPool-1 - Added connection com.mysql.cj.jdbc.ConnectionImpl@1d77cfc0
2021-02-24 08:44:02 [HikariPool-1 connection closer] DEBUG HikariPool:517 - HikariPool-1 - Fill pool skipped, pool is at sufficient level.
2021-02-24 08:44:02 [HikariPool-1 connection closer] DEBUG PoolBase:134 - HikariPool-1 - Closing connection com.mysql.cj.jdbc.ConnectionImpl@6fdf3a4a: (connection evicted)
2021-02-24 08:44:02 [HikariPool-1 connection closer] DEBUG HikariPool:517 - HikariPool-1 - Fill pool skipped, pool is at sufficient level.
2021-02-24 08:44:02 [HikariPool-1 connection closer] DEBUG PoolBase:134 - HikariPool-1 - Closing connection com.mysql.cj.jdbc.ConnectionImpl@10cbb682: (connection evicted)
2021-02-24 08:44:02 [HikariPool-1 connection closer] DEBUG HikariPool:517 - HikariPool-1 - Fill pool skipped, pool is at sufficient level.
2021-02-24 08:44:02 [HikariPool-1 connection closer] DEBUG PoolBase:134 - HikariPool-1 - Closing connection com.mysql.cj.jdbc.ConnectionImpl@1d8d3494: (connection evicted)
2021-02-24 08:44:02 [HikariPool-1 connection closer] DEBUG HikariPool:517 - HikariPool-1 - Fill pool skipped, pool is at sufficient level.
2021-02-24 08:44:02 [HikariPool-1 connection closer] DEBUG PoolBase:134 - HikariPool-1 - Closing connection com.mysql.cj.jdbc.ConnectionImpl@7ba4fbbd: (connection evicted)
2021-02-24 08:44:02 [HikariPool-1 connection closer] DEBUG HikariPool:517 - HikariPool-1 - Fill pool skipped, pool is at sufficient level.
2021-02-24 08:44:02 [HikariPool-1 connection closer] DEBUG PoolBase:134 - HikariPool-1 - Closing connection com.mysql.cj.jdbc.ConnectionImpl@364033ae: (connection evicted)
2021-02-24 08:44:02 [HikariPool-1 connection closer] DEBUG HikariPool:517 - HikariPool-1 - Fill pool skipped, pool is at sufficient level.
2021-02-24 08:44:02 [HikariPool-1 connection closer] DEBUG PoolBase:134 - HikariPool-1 - Closing connection com.mysql.cj.jdbc.ConnectionImpl@6d568151: (connection evicted)
2021-02-24 08:44:02 [HikariPool-1 connection closer] DEBUG HikariPool:517 - HikariPool-1 - Fill pool skipped, pool is at sufficient level.
2021-02-24 08:44:02 [HikariPool-1 connection closer] DEBUG PoolBase:134 - HikariPool-1 - Closing connection com.mysql.cj.jdbc.ConnectionImpl@7438ceef: (connection evicted)
2021-02-24 08:44:02 [HikariPool-1 connection closer] DEBUG HikariPool:517 - HikariPool-1 - Fill pool skipped, pool is at sufficient level.
2021-02-24 08:44:02 [HikariPool-1 connection closer] DEBUG PoolBase:134 - HikariPool-1 - Closing connection com.mysql.cj.jdbc.ConnectionImpl@30ef655: (connection evicted)
2021-02-24 08:44:02 [HikariPool-1 connection closer] DEBUG HikariPool:517 - HikariPool-1 - Fill pool skipped, pool is at sufficient level.
2021-02-24 08:44:02 [HikariPool-1 connection closer] DEBUG PoolBase:134 - HikariPool-1 - Closing connection com.mysql.cj.jdbc.ConnectionImpl@60339c54: (connection evicted)
2021-02-24 08:44:02 [HikariPool-1 connection closer] DEBUG HikariPool:517 - HikariPool-1 - Fill pool skipped, pool is at sufficient level.
2021-02-24 08:44:02 [HikariPool-1 connection closer] DEBUG PoolBase:134 - HikariPool-1 - Closing connection com.mysql.cj.jdbc.ConnectionImpl@13b5ff32: (connection evicted)
2021-02-24 08:44:02 [HikariPool-1 connection closer] DEBUG HikariPool:517 - HikariPool-1 - Fill pool skipped, pool is at sufficient level.
2021-02-24 08:44:02 [HikariPool-1 connection closer] DEBUG PoolBase:134 - HikariPool-1 - Closing connection com.mysql.cj.jdbc.ConnectionImpl@4e0ded63: (connection evicted)
2021-02-24 08:44:02 [HikariPool-1 connection closer] DEBUG HikariPool:517 - HikariPool-1 - Fill pool skipped, pool is at sufficient level.
2021-02-24 08:44:02 [HikariPool-1 connection closer] DEBUG PoolBase:134 - HikariPool-1 - Closing connection com.mysql.cj.jdbc.ConnectionImpl@7d010db6: (connection evicted)
2021-02-24 08:44:02 [HikariPool-1 connection closer] DEBUG HikariPool:517 - HikariPool-1 - Fill pool skipped, pool is at sufficient level.
2021-02-24 08:44:02 [HikariPool-1 connection closer] DEBUG PoolBase:134 - HikariPool-1 - Closing connection com.mysql.cj.jdbc.ConnectionImpl@6ee6f4d5: (connection evicted)
2021-02-24 08:44:02 [HikariPool-1 connection closer] DEBUG HikariPool:517 - HikariPool-1 - Fill pool skipped, pool is at sufficient level.
2021-02-24 08:44:02 [HikariPool-1 connection closer] DEBUG PoolBase:134 - HikariPool-1 - Closing connection com.mysql.cj.jdbc.ConnectionImpl@53707504: (connection evicted)
2021-02-24 08:44:02 [HikariPool-1 connection closer] DEBUG HikariPool:517 - HikariPool-1 - Fill pool skipped, pool is at sufficient level.
2021-02-24 08:44:02 [HikariPool-1 connection closer] DEBUG PoolBase:134 - HikariPool-1 - Closing connection com.mysql.cj.jdbc.ConnectionImpl@4ef9637e: (connection evicted)
2021-02-24 08:44:02 [HikariPool-1 connection closer] DEBUG HikariPool:517 - HikariPool-1 - Fill pool skipped, pool is at sufficient level.
2021-02-24 08:44:02 [HikariPool-1 connection closer] DEBUG PoolBase:134 - HikariPool-1 - Closing connection com.mysql.cj.jdbc.ConnectionImpl@7575bc2d: (connection evicted)
2021-02-24 08:44:02 [HikariPool-1 connection closer] DEBUG HikariPool:517 - HikariPool-1 - Fill pool skipped, pool is at sufficient level.
2021-02-24 08:44:02 [HikariPool-1 connection closer] DEBUG PoolBase:134 - HikariPool-1 - Closing connection com.mysql.cj.jdbc.ConnectionImpl@648e627d: (connection evicted)
2021-02-24 08:44:02 [HikariPool-1 connection closer] DEBUG HikariPool:517 - HikariPool-1 - Fill pool skipped, pool is at sufficient level.
2021-02-24 08:44:02 [HikariPool-1 connection closer] DEBUG PoolBase:134 - HikariPool-1 - Closing connection com.mysql.cj.jdbc.ConnectionImpl@705d45f9: (connection evicted)
2021-02-24 08:44:02 [HikariPool-1 connection closer] DEBUG HikariPool:517 - HikariPool-1 - Fill pool skipped, pool is at sufficient level.
2021-02-24 08:44:02 [HikariPool-1 connection closer] DEBUG PoolBase:134 - HikariPool-1 - Closing connection com.mysql.cj.jdbc.ConnectionImpl@4eeab463: (connection evicted)
2021-02-24 08:44:02 [HikariPool-1 connection closer] DEBUG HikariPool:517 - HikariPool-1 - Fill pool skipped, pool is at sufficient level.
2021-02-24 08:44:02 [HikariPool-1 connection closer] DEBUG PoolBase:134 - HikariPool-1 - Closing connection com.mysql.cj.jdbc.ConnectionImpl@74335e13: (connection evicted)
2021-02-24 08:44:02 [HikariPool-1 connection closer] DEBUG HikariPool:517 - HikariPool-1 - Fill pool skipped, pool is at sufficient level.
2021-02-24 08:44:02 [HikariPool-1 connection closer] DEBUG PoolBase:134 - HikariPool-1 - Closing connection com.mysql.cj.jdbc.ConnectionImpl@3318fd03: (connection evicted)
2021-02-24 08:44:02 [HikariPool-1 connection closer] DEBUG HikariPool:517 - HikariPool-1 - Fill pool skipped, pool is at sufficient level.
2021-02-24 08:44:02 [HikariPool-1 connection closer] DEBUG PoolBase:134 - HikariPool-1 - Closing connection com.mysql.cj.jdbc.ConnectionImpl@6eb81cc7: (connection evicted)
2021-02-24 08:44:02 [HikariPool-1 connection adder] DEBUG HikariPool:728 - HikariPool-1 - Added connection com.mysql.cj.jdbc.ConnectionImpl@5c4ac5fb
2021-02-24 08:44:02 [HikariPool-1 connection closer] DEBUG HikariPool:517 - HikariPool-1 - Fill pool skipped, pool is at sufficient level.
2021-02-24 08:44:02 [HikariPool-1 connection closer] DEBUG PoolBase:134 - HikariPool-1 - Closing connection com.mysql.cj.jdbc.ConnectionImpl@6260974a: (connection evicted)
2021-02-24 08:44:02 [HikariPool-1 connection closer] DEBUG HikariPool:517 - HikariPool-1 - Fill pool skipped, pool is at sufficient level.
2021-02-24 08:44:02 [HikariPool-1 connection closer] DEBUG PoolBase:134 - HikariPool-1 - Closing connection com.mysql.cj.jdbc.ConnectionImpl@64e5bcae: (connection evicted)
2021-02-24 08:44:02 [HikariPool-1 connection closer] DEBUG HikariPool:517 - HikariPool-1 - Fill pool skipped, pool is at sufficient level.
2021-02-24 08:44:02 [HikariPool-1 connection closer] DEBUG PoolBase:134 - HikariPool-1 - Closing connection com.mysql.cj.jdbc.ConnectionImpl@300cc019: (connection evicted)
2021-02-24 08:44:02 [HikariPool-1 connection closer] DEBUG HikariPool:517 - HikariPool-1 - Fill pool skipped, pool is at sufficient level.
2021-02-24 08:44:02 [HikariPool-1 connection closer] DEBUG PoolBase:134 - HikariPool-1 - Closing connection com.mysql.cj.jdbc.ConnectionImpl@1d4ccad2: (connection evicted)
2021-02-24 08:44:02 [HikariPool-1 connection closer] DEBUG HikariPool:517 - HikariPool-1 - Fill pool skipped, pool is at sufficient level.
2021-02-24 08:44:02 [HikariPool-1 connection closer] DEBUG PoolBase:134 - HikariPool-1 - Closing connection com.mysql.cj.jdbc.ConnectionImpl@1b4c99cd: (connection evicted)
2021-02-24 08:44:02 [HikariPool-1 connection closer] DEBUG HikariPool:517 - HikariPool-1 - Fill pool skipped, pool is at sufficient level.
2021-02-24 08:44:02 [HikariPool-1 connection closer] DEBUG PoolBase:134 - HikariPool-1 - Closing connection com.mysql.cj.jdbc.ConnectionImpl@1cb5be6a: (connection evicted)
2021-02-24 08:44:02 [HikariPool-1 connection closer] DEBUG HikariPool:517 - HikariPool-1 - Fill pool skipped, pool is at sufficient level.
2021-02-24 08:44:02 [HikariPool-1 connection closer] DEBUG PoolBase:134 - HikariPool-1 - Closing connection com.mysql.cj.jdbc.ConnectionImpl@1a848375: (connection evicted)
2021-02-24 08:44:02 [HikariPool-1 connection closer] DEBUG HikariPool:517 - HikariPool-1 - Fill pool skipped, pool is at sufficient level.
2021-02-24 08:44:02 [HikariPool-1 connection closer] DEBUG PoolBase:134 - HikariPool-1 - Closing connection com.mysql.cj.jdbc.ConnectionImpl@6bf7454b: (connection evicted)
2021-02-24 08:44:02 [HikariPool-1 connection closer] DEBUG HikariPool:517 - HikariPool-1 - Fill pool skipped, pool is at sufficient level.
2021-02-24 08:44:02 [HikariPool-1 connection closer] DEBUG PoolBase:134 - HikariPool-1 - Closing connection com.mysql.cj.jdbc.ConnectionImpl@7fe236e9: (connection evicted)
2021-02-24 08:44:02 [HikariPool-1 connection closer] DEBUG HikariPool:517 - HikariPool-1 - Fill pool skipped, pool is at sufficient level.
2021-02-24 08:44:02 [HikariPool-1 connection closer] DEBUG PoolBase:134 - HikariPool-1 - Closing connection com.mysql.cj.jdbc.ConnectionImpl@7387d793: (connection evicted)
2021-02-24 08:44:02 [HikariPool-1 connection closer] DEBUG HikariPool:517 - HikariPool-1 - Fill pool skipped, pool is at sufficient level.
2021-02-24 08:44:02 [HikariPool-1 connection closer] DEBUG PoolBase:134 - HikariPool-1 - Closing connection com.mysql.cj.jdbc.ConnectionImpl@40761250: (connection evicted)
2021-02-24 08:44:02 [HikariPool-1 connection closer] DEBUG HikariPool:517 - HikariPool-1 - Fill pool skipped, pool is at sufficient level.
2021-02-24 08:44:02 [HikariPool-1 connection adder] DEBUG HikariPool:728 - HikariPool-1 - Added connection com.mysql.cj.jdbc.ConnectionImpl@6d5cbc76
2021-02-24 08:44:02 [HikariPool-1 connection adder] DEBUG HikariPool:728 - HikariPool-1 - Added connection com.mysql.cj.jdbc.ConnectionImpl@3c653ab4
2021-02-24 08:44:02 [HikariPool-1 connection adder] DEBUG HikariPool:728 - HikariPool-1 - Added connection com.mysql.cj.jdbc.ConnectionImpl@4944b690
2021-02-24 08:44:02 [HikariPool-1 connection adder] DEBUG HikariPool:728 - HikariPool-1 - Added connection com.mysql.cj.jdbc.ConnectionImpl@382be268
2021-02-24 08:44:02 [HikariPool-1 connection adder] DEBUG HikariPool:728 - HikariPool-1 - Added connection com.mysql.cj.jdbc.ConnectionImpl@df30f9f
2021-02-24 08:44:02 [HikariPool-1 connection adder] DEBUG HikariPool:728 - HikariPool-1 - Added connection com.mysql.cj.jdbc.ConnectionImpl@31968a30
2021-02-24 08:44:02 [HikariPool-1 connection adder] DEBUG HikariPool:728 - HikariPool-1 - Added connection com.mysql.cj.jdbc.ConnectionImpl@3b5453d2
2021-02-24 08:44:02 [HikariPool-1 connection adder] DEBUG HikariPool:728 - HikariPool-1 - Added connection com.mysql.cj.jdbc.ConnectionImpl@20108709
2021-02-24 08:44:02 [HikariPool-1 connection adder] DEBUG HikariPool:728 - HikariPool-1 - Added connection com.mysql.cj.jdbc.ConnectionImpl@66218ea1
2021-02-24 08:44:03 [HikariPool-1 connection adder] DEBUG HikariPool:728 - HikariPool-1 - Added connection com.mysql.cj.jdbc.ConnectionImpl@753c5f9a
2021-02-24 08:44:03 [HikariPool-1 connection adder] DEBUG HikariPool:728 - HikariPool-1 - Added connection com.mysql.cj.jdbc.ConnectionImpl@74d95870
2021-02-24 08:44:03 [HikariPool-1 connection adder] DEBUG HikariPool:728 - HikariPool-1 - Added connection com.mysql.cj.jdbc.ConnectionImpl@37794c63
2021-02-24 08:44:03 [HikariPool-1 connection adder] DEBUG HikariPool:728 - HikariPool-1 - Added connection com.mysql.cj.jdbc.ConnectionImpl@2b54f040
2021-02-24 08:44:03 [HikariPool-1 connection adder] DEBUG HikariPool:728 - HikariPool-1 - Added connection com.mysql.cj.jdbc.ConnectionImpl@6f6be83
2021-02-24 08:44:03 [HikariPool-1 connection adder] DEBUG HikariPool:728 - HikariPool-1 - Added connection com.mysql.cj.jdbc.ConnectionImpl@1eca78f9
2021-02-24 08:44:03 [HikariPool-1 connection adder] DEBUG HikariPool:728 - HikariPool-1 - Added connection com.mysql.cj.jdbc.ConnectionImpl@5960e2d6
2021-02-24 08:44:03 [HikariPool-1 connection adder] DEBUG HikariPool:728 - HikariPool-1 - Added connection com.mysql.cj.jdbc.ConnectionImpl@4c0390c
2021-02-24 08:44:03 [HikariPool-1 connection adder] DEBUG HikariPool:728 - HikariPool-1 - Added connection com.mysql.cj.jdbc.ConnectionImpl@3a048e2f
2021-02-24 08:44:03 [HikariPool-1 connection adder] DEBUG HikariPool:728 - HikariPool-1 - Added connection com.mysql.cj.jdbc.ConnectionImpl@722f988e
2021-02-24 08:44:03 [HikariPool-1 connection adder] DEBUG HikariPool:728 - HikariPool-1 - Added connection com.mysql.cj.jdbc.ConnectionImpl@6d58d00c
2021-02-24 08:44:03 [HikariPool-1 connection adder] DEBUG HikariPool:728 - HikariPool-1 - Added connection com.mysql.cj.jdbc.ConnectionImpl@2c7fbc5
2021-02-24 08:44:03 [HikariPool-1 connection adder] DEBUG HikariPool:728 - HikariPool-1 - Added connection com.mysql.cj.jdbc.ConnectionImpl@400315b9
2021-02-24 08:44:03 [HikariPool-1 connection adder] DEBUG HikariPool:728 - HikariPool-1 - Added connection com.mysql.cj.jdbc.ConnectionImpl@66d7f6b7
2021-02-24 08:44:03 [HikariPool-1 connection adder] DEBUG HikariPool:728 - HikariPool-1 - Added connection com.mysql.cj.jdbc.ConnectionImpl@563ac383
2021-02-24 08:44:03 [HikariPool-1 connection adder] DEBUG HikariPool:728 - HikariPool-1 - Added connection com.mysql.cj.jdbc.ConnectionImpl@4d0e75bb
2021-02-24 08:44:03 [HikariPool-1 connection adder] DEBUG HikariPool:728 - HikariPool-1 - Added connection com.mysql.cj.jdbc.ConnectionImpl@260601e9
2021-02-24 08:44:03 [HikariPool-1 connection adder] DEBUG HikariPool:728 - HikariPool-1 - Added connection com.mysql.cj.jdbc.ConnectionImpl@26ce888a
2021-02-24 08:44:03 [HikariPool-1 connection adder] DEBUG HikariPool:728 - HikariPool-1 - Added connection com.mysql.cj.jdbc.ConnectionImpl@1193ff27
2021-02-24 08:44:03 [HikariPool-1 connection adder] DEBUG HikariPool:728 - HikariPool-1 - Added connection com.mysql.cj.jdbc.ConnectionImpl@47b0f749
2021-02-24 08:44:03 [HikariPool-1 connection adder] DEBUG HikariPool:728 - HikariPool-1 - Added connection com.mysql.cj.jdbc.ConnectionImpl@2bc1ae02
2021-02-24 08:44:03 [HikariPool-1 connection adder] DEBUG HikariPool:728 - HikariPool-1 - Added connection com.mysql.cj.jdbc.ConnectionImpl@3b8ed345
2021-02-24 08:44:03 [HikariPool-1 connection adder] DEBUG HikariPool:728 - HikariPool-1 - Added connection com.mysql.cj.jdbc.ConnectionImpl@108bf52a
2021-02-24 08:44:03 [HikariPool-1 connection adder] DEBUG HikariPool:728 - HikariPool-1 - Added connection com.mysql.cj.jdbc.ConnectionImpl@500aa74
2021-02-24 08:44:03 [HikariPool-1 connection adder] DEBUG HikariPool:728 - HikariPool-1 - Added connection com.mysql.cj.jdbc.ConnectionImpl@1b429d5f
2021-02-24 08:44:03 [HikariPool-1 connection adder] DEBUG HikariPool:728 - HikariPool-1 - Added connection com.mysql.cj.jdbc.ConnectionImpl@192c2fe3
2021-02-24 08:44:03 [HikariPool-1 connection adder] DEBUG HikariPool:728 - HikariPool-1 - Added connection com.mysql.cj.jdbc.ConnectionImpl@3a0af224
2021-02-24 08:44:03 [HikariPool-1 connection adder] DEBUG HikariPool:728 - HikariPool-1 - Added connection com.mysql.cj.jdbc.ConnectionImpl@20913d71
2021-02-24 08:44:03 [HikariPool-1 connection adder] DEBUG HikariPool:728 - HikariPool-1 - Added connection com.mysql.cj.jdbc.ConnectionImpl@115b7e4a
2021-02-24 08:44:03 [HikariPool-1 connection adder] DEBUG HikariPool:728 - HikariPool-1 - Added connection com.mysql.cj.jdbc.ConnectionImpl@32adcdba
2021-02-24 08:44:03 [HikariPool-1 connection adder] DEBUG HikariPool:728 - HikariPool-1 - Added connection com.mysql.cj.jdbc.ConnectionImpl@6d37d4b8
2021-02-24 08:44:03 [HikariPool-1 connection adder] DEBUG HikariPool:728 - HikariPool-1 - Added connection com.mysql.cj.jdbc.ConnectionImpl@5ab6eb74
2021-02-24 08:44:03 [HikariPool-1 connection adder] DEBUG HikariPool:728 - HikariPool-1 - Added connection com.mysql.cj.jdbc.ConnectionImpl@c9ff7b4
2021-02-24 08:44:03 [HikariPool-1 connection adder] DEBUG HikariPool:728 - HikariPool-1 - Added connection com.mysql.cj.jdbc.ConnectionImpl@36d2c7f2
2021-02-24 08:44:03 [HikariPool-1 connection adder] DEBUG HikariPool:728 - HikariPool-1 - Added connection com.mysql.cj.jdbc.ConnectionImpl@69a64c14
2021-02-24 08:44:03 [HikariPool-1 connection adder] DEBUG HikariPool:728 - HikariPool-1 - Added connection com.mysql.cj.jdbc.ConnectionImpl@1a43a4d
2021-02-24 08:44:03 [HikariPool-1 connection adder] DEBUG HikariPool:728 - HikariPool-1 - Added connection com.mysql.cj.jdbc.ConnectionImpl@7938d48e
2021-02-24 08:44:03 [HikariPool-1 connection adder] DEBUG HikariPool:728 - HikariPool-1 - Added connection com.mysql.cj.jdbc.ConnectionImpl@344c1e5c
2021-02-24 08:44:03 [HikariPool-1 connection adder] DEBUG HikariPool:728 - HikariPool-1 - Added connection com.mysql.cj.jdbc.ConnectionImpl@616b911
2021-02-24 08:44:03 [HikariPool-1 connection adder] DEBUG HikariPool:421 - HikariPool-1 - After adding stats (total=50, active=0, idle=50, waiting=0)
2021-02-24 08:44:32 [HikariPool-1 housekeeper] DEBUG HikariPool:421 - HikariPool-1 - Before cleanup stats (total=50, active=0, idle=50, waiting=0)
2021-02-24 08:44:32 [HikariPool-1 housekeeper] DEBUG HikariPool:421 - HikariPool-1 - After cleanup  stats (total=50, active=0, idle=50, waiting=0)
2021-02-24 08:44:32 [HikariPool-1 housekeeper] DEBUG HikariPool:517 - HikariPool-1 - Fill pool skipped, pool is at sufficient level.
2021-02-24 08:45:02 [HikariPool-1 housekeeper] DEBUG HikariPool:421 - HikariPool-1 - Before cleanup stats (total=50, active=0, idle=50, waiting=0)
2021-02-24 08:45:02 [HikariPool-1 housekeeper] DEBUG HikariPool:421 - HikariPool-1 - After cleanup  stats (total=50, active=0, idle=50, waiting=0)
2021-02-24 08:45:02 [HikariPool-1 housekeeper] DEBUG HikariPool:517 - HikariPool-1 - Fill pool skipped, pool is at sufficient level.
2021-02-24 08:45:32 [HikariPool-1 housekeeper] DEBUG HikariPool:421 - HikariPool-1 - Before cleanup stats (total=50, active=0, idle=50, waiting=0)
2021-02-24 08:45:32 [HikariPool-1 housekeeper] DEBUG HikariPool:421 - HikariPool-1 - After cleanup  stats (total=50, active=0, idle=50, waiting=0)
2021-02-24 08:45:32 [HikariPool-1 housekeeper] DEBUG HikariPool:517 - HikariPool-1 - Fill pool skipped, pool is at sufficient level.
2021-02-24 08:46:02 [HikariPool-1 housekeeper] DEBUG HikariPool:421 - HikariPool-1 - Before cleanup stats (total=50, active=0, idle=50, waiting=0)
2021-02-24 08:46:02 [HikariPool-1 housekeeper] DEBUG HikariPool:421 - HikariPool-1 - After cleanup  stats (total=50, active=0, idle=50, waiting=0)
2021-02-24 08:46:02 [HikariPool-1 housekeeper] DEBUG HikariPool:517 - HikariPool-1 - Fill pool skipped, pool is at sufficient level.
2021-02-24 08:46:32 [HikariPool-1 housekeeper] DEBUG HikariPool:421 - HikariPool-1 - Before cleanup stats (total=50, active=0, idle=50, waiting=0)
2021-02-24 08:46:32 [HikariPool-1 housekeeper] DEBUG HikariPool:421 - HikariPool-1 - After cleanup  stats (total=50, active=0, idle=50, waiting=0)
2021-02-24 08:46:32 [HikariPool-1 housekeeper] DEBUG HikariPool:517 - HikariPool-1 - Fill pool skipped, pool is at sufficient level.
2021-02-24 08:47:02 [HikariPool-1 housekeeper] DEBUG HikariPool:421 - HikariPool-1 - Before cleanup stats (total=50, active=0, idle=50, waiting=0)
2021-02-24 08:47:02 [HikariPool-1 housekeeper] DEBUG HikariPool:421 - HikariPool-1 - After cleanup  stats (total=50, active=0, idle=50, waiting=0)
2021-02-24 08:47:02 [HikariPool-1 housekeeper] DEBUG HikariPool:517 - HikariPool-1 - Fill pool skipped, pool is at sufficient level.
2021-02-24 08:47:32 [HikariPool-1 housekeeper] DEBUG HikariPool:421 - HikariPool-1 - Before cleanup stats (total=50, active=0, idle=50, waiting=0)
2021-02-24 08:47:32 [HikariPool-1 housekeeper] DEBUG HikariPool:421 - HikariPool-1 - After cleanup  stats (total=50, active=0, idle=50, waiting=0)
2021-02-24 08:47:32 [HikariPool-1 housekeeper] DEBUG HikariPool:517 - HikariPool-1 - Fill pool skipped, pool is at sufficient level.
2021-02-24 08:48:02 [HikariPool-1 housekeeper] DEBUG HikariPool:421 - HikariPool-1 - Before cleanup stats (total=50, active=0, idle=50, waiting=0)
2021-02-24 08:48:02 [HikariPool-1 housekeeper] DEBUG HikariPool:421 - HikariPool-1 - After cleanup  stats (total=50, active=0, idle=50, waiting=0)
2021-02-24 08:48:02 [HikariPool-1 housekeeper] DEBUG HikariPool:517 - HikariPool-1 - Fill pool skipped, pool is at sufficient level.
2021-02-24 08:48:33 [HikariPool-1 housekeeper] DEBUG HikariPool:421 - HikariPool-1 - Before cleanup stats (total=50, active=0, idle=50, waiting=0)
2021-02-24 08:48:33 [HikariPool-1 housekeeper] DEBUG HikariPool:421 - HikariPool-1 - After cleanup  stats (total=50, active=0, idle=50, waiting=0)
2021-02-24 08:48:33 [HikariPool-1 housekeeper] DEBUG HikariPool:517 - HikariPool-1 - Fill pool skipped, pool is at sufficient level.
2021-02-24 08:49:58 [HikariPool-1 housekeeper] WARN  HikariPool:787 - HikariPool-1 - Thread starvation or clock leap detected (housekeeper delta=1m25s137ms).
2021-02-24 08:49:58 [HikariPool-1 housekeeper] DEBUG HikariPool:421 - HikariPool-1 - Before cleanup stats (total=50, active=0, idle=50, waiting=0)
2021-02-24 08:49:58 [HikariPool-1 housekeeper] DEBUG HikariPool:421 - HikariPool-1 - After cleanup  stats (total=50, active=0, idle=50, waiting=0)
2021-02-24 08:49:58 [HikariPool-1 housekeeper] DEBUG HikariPool:517 - HikariPool-1 - Fill pool skipped, pool is at sufficient level.
2021-02-24 08:50:28 [HikariPool-1 housekeeper] DEBUG HikariPool:421 - HikariPool-1 - Before cleanup stats (total=50, active=0, idle=50, waiting=0)
2021-02-24 08:50:28 [HikariPool-1 housekeeper] DEBUG HikariPool:421 - HikariPool-1 - After cleanup  stats (total=50, active=0, idle=50, waiting=0)
2021-02-24 08:50:28 [HikariPool-1 housekeeper] DEBUG HikariPool:517 - HikariPool-1 - Fill pool skipped, pool is at sufficient level.
2021-02-24 08:50:58 [HikariPool-1 housekeeper] DEBUG HikariPool:421 - HikariPool-1 - Before cleanup stats (total=50, active=0, idle=50, waiting=0)
2021-02-24 08:50:58 [HikariPool-1 housekeeper] DEBUG HikariPool:421 - HikariPool-1 - After cleanup  stats (total=50, active=0, idle=50, waiting=0)
2021-02-24 08:50:58 [HikariPool-1 housekeeper] DEBUG HikariPool:517 - HikariPool-1 - Fill pool skipped, pool is at sufficient level.
2021-02-24 08:51:28 [HikariPool-1 housekeeper] DEBUG HikariPool:421 - HikariPool-1 - Before cleanup stats (total=50, active=0, idle=50, waiting=0)
2021-02-24 08:51:28 [HikariPool-1 housekeeper] DEBUG HikariPool:421 - HikariPool-1 - After cleanup  stats (total=50, active=0, idle=50, waiting=0)
2021-02-24 08:51:28 [HikariPool-1 housekeeper] DEBUG HikariPool:517 - HikariPool-1 - Fill pool skipped, pool is at sufficient level.
2021-02-24 08:51:58 [HikariPool-1 housekeeper] DEBUG HikariPool:421 - HikariPool-1 - Before cleanup stats (total=50, active=0, idle=50, waiting=0)
2021-02-24 08:51:58 [HikariPool-1 housekeeper] DEBUG HikariPool:421 - HikariPool-1 - After cleanup  stats (total=50, active=0, idle=50, waiting=0)
2021-02-24 08:51:58 [HikariPool-1 housekeeper] DEBUG HikariPool:517 - HikariPool-1 - Fill pool skipped, pool is at sufficient level.
2021-02-24 08:52:28 [HikariPool-1 housekeeper] DEBUG HikariPool:421 - HikariPool-1 - Before cleanup stats (total=50, active=0, idle=50, waiting=0)
2021-02-24 08:52:28 [HikariPool-1 housekeeper] DEBUG HikariPool:421 - HikariPool-1 - After cleanup  stats (total=50, active=0, idle=50, waiting=0)
2021-02-24 08:52:28 [HikariPool-1 housekeeper] DEBUG HikariPool:517 - HikariPool-1 - Fill pool skipped, pool is at sufficient level.
2021-02-24 08:52:58 [HikariPool-1 housekeeper] DEBUG HikariPool:421 - HikariPool-1 - Before cleanup stats (total=50, active=0, idle=50, waiting=0)
2021-02-24 08:52:58 [HikariPool-1 housekeeper] DEBUG HikariPool:421 - HikariPool-1 - After cleanup  stats (total=50, active=0, idle=50, waiting=0)
2021-02-24 08:52:58 [HikariPool-1 housekeeper] DEBUG HikariPool:517 - HikariPool-1 - Fill pool skipped, pool is at sufficient level.
2021-02-24 08:53:28 [HikariPool-1 housekeeper] DEBUG HikariPool:421 - HikariPool-1 - Before cleanup stats (total=50, active=0, idle=50, waiting=0)
2021-02-24 08:53:28 [HikariPool-1 housekeeper] DEBUG HikariPool:421 - HikariPool-1 - After cleanup  stats (total=50, active=0, idle=50, waiting=0)
2021-02-24 08:53:28 [HikariPool-1 housekeeper] DEBUG HikariPool:517 - HikariPool-1 - Fill pool skipped, pool is at sufficient level.
2021-02-24 08:53:58 [HikariPool-1 housekeeper] DEBUG HikariPool:421 - HikariPool-1 - Before cleanup stats (total=50, active=0, idle=50, waiting=0)
2021-02-24 08:53:58 [HikariPool-1 housekeeper] DEBUG HikariPool:421 - HikariPool-1 - After cleanup  stats (total=50, active=0, idle=50, waiting=0)
2021-02-24 08:53:58 [HikariPool-1 housekeeper] DEBUG HikariPool:517 - HikariPool-1 - Fill pool skipped, pool is at sufficient level.
2021-02-24 08:54:28 [HikariPool-1 housekeeper] DEBUG HikariPool:421 - HikariPool-1 - Before cleanup stats (total=50, active=0, idle=50, waiting=0)
2021-02-24 08:54:28 [HikariPool-1 housekeeper] DEBUG HikariPool:421 - HikariPool-1 - After cleanup  stats (total=50, active=0, idle=50, waiting=0)
2021-02-24 08:54:28 [HikariPool-1 housekeeper] DEBUG HikariPool:517 - HikariPool-1 - Fill pool skipped, pool is at sufficient level.
2021-02-24 08:54:58 [HikariPool-1 housekeeper] DEBUG HikariPool:421 - HikariPool-1 - Before cleanup stats (total=50, active=0, idle=50, waiting=0)
2021-02-24 08:54:58 [HikariPool-1 housekeeper] DEBUG HikariPool:421 - HikariPool-1 - After cleanup  stats (total=50, active=0, idle=50, waiting=0)
2021-02-24 08:54:58 [HikariPool-1 housekeeper] DEBUG HikariPool:517 - HikariPool-1 - Fill pool skipped, pool is at sufficient level.
